Feb 15 17:06:19: access: connection for localhost from ::1 (Mozilla/5.0 (Macintosh; Intel Mac OS X 10_9_5) AppleWebKit/537.36 (KHTML, like Gecko) Chrome/40.0.2214.111 Safari/537.36): 
Feb 15 17:06:19: access: connection for localhost from ::1 (Mozilla/5.0 (Macintosh; Intel Mac OS X 10_9_5) AppleWebKit/537.36 (KHTML, like Gecko) Chrome/40.0.2214.111 Safari/537.36): favicon.ico
Feb 15 17:06:20: access: connection for localhost from ::1 (Mozilla/5.0 (Macintosh; Intel Mac OS X 10_9_5) AppleWebKit/537.36 (KHTML, like Gecko) Chrome/40.0.2214.111 Safari/537.36): 
Feb 15 17:06:23: access: connection for localhost from ::1 (Mozilla/5.0 (Macintosh; Intel Mac OS X 10_9_5) AppleWebKit/537.36 (KHTML, like Gecko) Chrome/40.0.2214.111 Safari/537.36): 
Feb 15 17:07:36: access: connection for localhost from ::1 (Mozilla/5.0 (Macintosh; Intel Mac OS X 10_9_5) AppleWebKit/537.36 (KHTML, like Gecko) Chrome/40.0.2214.111 Safari/537.36): 
Feb 15 17:07:37: access: connection for localhost from ::1 (Mozilla/5.0 (Macintosh; Intel Mac OS X 10_9_5) AppleWebKit/537.36 (KHTML, like Gecko) Chrome/40.0.2214.111 Safari/537.36): 
Feb 15 17:07:45: access: connection for localhost from ::1 (Mozilla/5.0 (Macintosh; Intel Mac OS X 10_9_5) AppleWebKit/537.36 (KHTML, like Gecko) Chrome/40.0.2214.111 Safari/537.36): 
Feb 15 17:08:26: access: connection for mba.local from 192.168.0.10 (Mozilla/5.0 (Macintosh; Intel Mac OS X 10_9_5) AppleWebKit/537.36 (KHTML, like Gecko) Chrome/40.0.2214.111 Safari/537.36): 
Feb 15 17:08:26: access: connection for mba.local from 192.168.0.10 (Mozilla/5.0 (Macintosh; Intel Mac OS X 10_9_5) AppleWebKit/537.36 (KHTML, like Gecko) Chrome/40.0.2214.111 Safari/537.36): favicon.ico
Feb 15 17:08:47: access: connection for mba.local from 192.168.0.10 (Mozilla/5.0 (Macintosh; Intel Mac OS X 10_9_5) AppleWebKit/537.36 (KHTML, like Gecko) Chrome/40.0.2214.111 Safari/537.36): packages
Feb 15 17:08:50: access: connection for mba.local from 192.168.0.10 (Mozilla/5.0 (Macintosh; Intel Mac OS X 10_9_5) AppleWebKit/537.36 (KHTML, like Gecko) Chrome/40.0.2214.111 Safari/537.36): packages
Feb 15 17:08:52: access: connection for mba.local from 192.168.0.10 (Mozilla/5.0 (Macintosh; Intel Mac OS X 10_9_5) AppleWebKit/537.36 (KHTML, like Gecko) Chrome/40.0.2214.111 Safari/537.36): packagesxx
Feb 15 17:08:56: access: connection for localhost from ::1 (Mozilla/5.0 (Macintosh; Intel Mac OS X 10_9_5) AppleWebKit/537.36 (KHTML, like Gecko) Chrome/40.0.2214.111 Safari/537.36): 
Feb 15 17:08:58: access: connection for localhost from ::1 (Mozilla/5.0 (Macintosh; Intel Mac OS X 10_9_5) AppleWebKit/537.36 (KHTML, like Gecko) Chrome/40.0.2214.111 Safari/537.36): fdafdsa
Feb 15 17:11:55: access: connection for localhost from ::1 (Mozilla/5.0 (Macintosh; Intel Mac OS X 10_9_5) AppleWebKit/537.36 (KHTML, like Gecko) Chrome/40.0.2214.111 Safari/537.36): fdafdsa
Feb 15 17:11:59: access: connection for localhost from ::1 (Mozilla/5.0 (Macintosh; Intel Mac OS X 10_9_5) AppleWebKit/537.36 (KHTML, like Gecko) Chrome/40.0.2214.111 Safari/537.36): package
Feb 15 17:12:00: access: connection for localhost from ::1 (Mozilla/5.0 (Macintosh; Intel Mac OS X 10_9_5) AppleWebKit/537.36 (KHTML, like Gecko) Chrome/40.0.2214.111 Safari/537.36): package
Feb 15 17:12:10: access: connection for localhost from ::1 (Mozilla/5.0 (Macintosh; Intel Mac OS X 10_9_5) AppleWebKit/537.36 (KHTML, like Gecko) Chrome/40.0.2214.111 Safari/537.36): package?fda
Feb 15 22:24:44: access: connection for localhost from ::1 (Mozilla/5.0 (Macintosh; Intel Mac OS X 10_9_5) AppleWebKit/537.36 (KHTML, like Gecko) Chrome/40.0.2214.111 Safari/537.36): 
Feb 15 22:24:49: access: connection for localhost from ::1 (Mozilla/5.0 (Macintosh; Intel Mac OS X 10_9_5) AppleWebKit/537.36 (KHTML, like Gecko) Chrome/40.0.2214.111 Safari/537.36): packages
Feb 15 22:31:18: access: connection for localhost from ::1 (Mozilla/5.0 (Macintosh; Intel Mac OS X 10_9_5) AppleWebKit/537.36 (KHTML, like Gecko) Chrome/40.0.2214.111 Safari/537.36): packages
Feb 15 22:31:20: access: connection for localhost from ::1 (Mozilla/5.0 (Macintosh; Intel Mac OS X 10_9_5) AppleWebKit/537.36 (KHTML, like Gecko) Chrome/40.0.2214.111 Safari/537.36): packages
Feb 15 22:32:59: access: connection for localhost from ::1 (Mozilla/5.0 (Macintosh; Intel Mac OS X 10_9_5) AppleWebKit/537.36 (KHTML, like Gecko) Chrome/40.0.2214.111 Safari/537.36): packages
Feb 15 22:32:59: access: connection for localhost from ::1 (Mozilla/5.0 (Macintosh; Intel Mac OS X 10_9_5) AppleWebKit/537.36 (KHTML, like Gecko) Chrome/40.0.2214.111 Safari/537.36): css/style.css
Feb 15 22:32:59: access: connection for localhost from ::1 (Mozilla/5.0 (Macintosh; Intel Mac OS X 10_9_5) AppleWebKit/537.36 (KHTML, like Gecko) Chrome/40.0.2214.111 Safari/537.36): images/logo.svg
Feb 15 22:32:59: access: connection for localhost from ::1 (Mozilla/5.0 (Macintosh; Intel Mac OS X 10_9_5) AppleWebKit/537.36 (KHTML, like Gecko) Chrome/40.0.2214.111 Safari/537.36): images/favicon.ico
Feb 15 22:33:22: access: connection for localhost from ::1 (Mozilla/5.0 (Macintosh; Intel Mac OS X 10_9_5) AppleWebKit/537.36 (KHTML, like Gecko) Chrome/40.0.2214.111 Safari/537.36): 
Feb 15 22:33:25: access: connection for localhost from ::1 (Mozilla/5.0 (Macintosh; Intel Mac OS X 10_9_5) AppleWebKit/537.36 (KHTML, like Gecko) Chrome/40.0.2214.111 Safari/537.36): ?q=fold
Feb 15 22:33:40: access: connection for localhost from ::1 (Mozilla/5.0 (Macintosh; Intel Mac OS X 10_9_5) AppleWebKit/537.36 (KHTML, like Gecko) Chrome/40.0.2214.111 Safari/537.36): ?p=2&q=fold
Feb 15 22:33:43: access: connection for localhost from ::1 (Mozilla/5.0 (Macintosh; Intel Mac OS X 10_9_5) AppleWebKit/537.36 (KHTML, like Gecko) Chrome/40.0.2214.111 Safari/537.36): ?p=3&q=fold
Feb 15 22:39:07: access: connection for localhost from ::1 (Mozilla/5.0 (Macintosh; Intel Mac OS X 10_9_5) AppleWebKit/537.36 (KHTML, like Gecko) Chrome/40.0.2214.111 Safari/537.36): 
Feb 15 22:39:09: access: connection for localhost from ::1 (Mozilla/5.0 (Macintosh; Intel Mac OS X 10_9_5) AppleWebKit/537.36 (KHTML, like Gecko) Chrome/40.0.2214.111 Safari/537.36): ?q=%27a+list+-%3E+%27b+list
Feb 16 00:26:08: access: connection for localhost from ::1 (Mozilla/5.0 (Macintosh; Intel Mac OS X 10_9_5) AppleWebKit/537.36 (KHTML, like Gecko) Chrome/40.0.2214.111 Safari/537.36): 
Feb 16 00:26:10: access: connection for localhost from ::1 (Mozilla/5.0 (Macintosh; Intel Mac OS X 10_9_5) AppleWebKit/537.36 (KHTML, like Gecko) Chrome/40.0.2214.111 Safari/537.36): ?q=int+-%3E+int+-%3E+int
Feb 16 00:26:12: access: connection for localhost from ::1 (Mozilla/5.0 (Macintosh; Intel Mac OS X 10_9_5) AppleWebKit/537.36 (KHTML, like Gecko) Chrome/40.0.2214.111 Safari/537.36): ?p=5&q=int+-%3E+int+-%3E+int
Feb 16 00:26:20: access: connection for localhost from ::1 (Mozilla/5.0 (Macintosh; Intel Mac OS X 10_9_5) AppleWebKit/537.36 (KHTML, like Gecko) Chrome/40.0.2214.111 Safari/537.36): ?p=5&q=int+-%3E+int+-%3E+int
Feb 16 00:26:20: access: connection for localhost from ::1 (Mozilla/5.0 (Macintosh; Intel Mac OS X 10_9_5) AppleWebKit/537.36 (KHTML, like Gecko) Chrome/40.0.2214.111 Safari/537.36): css/style.css
Feb 16 00:26:20: access: connection for localhost from ::1 (Mozilla/5.0 (Macintosh; Intel Mac OS X 10_9_5) AppleWebKit/537.36 (KHTML, like Gecko) Chrome/40.0.2214.111 Safari/537.36): images/logo.svg
