=======================
starting ocsigenserver
ocsigenserver.opt: main: Fatal - Uncaught exception: Sys_error("oco.conf: No such file or directory")
=======================
starting ocsigenserver
ocsigenserver.opt: main: Fatal - Uncaught exception: Sys_error("oco.conf: No such file or directory")
=======================
starting ocsigenserver
data/oco.bin : 327008 entries loaded
Registering /package service...
Registering search service...
Registering /packages service...
Cache: current_size=2727; current_refcount=1; users=1
=======================
starting ocsigenserver
data/oco.bin : 327008 entries loaded
Registering /package service...
Registering search service...
Registering /packages service...
Cache: current_size=2727; current_refcount=1; users=1
=======================
starting ocsigenserver
data/oco.bin : 327008 entries loaded
Registering /package service...
Registering search service...
Registering /packages service...
Cache: current_size=201; current_refcount=1; users=1
=======================
starting ocsigenserver
OPAM prefix: /Users/jun/.opam/system
OPAM build dir: /Users/jun/.opam/system/build
Scanning local source files...
Scanned local source files.
data/oco.bin : 327008 entries loaded
Registering /package service...
Registering search service...
Registering /packages service...
Cache: current_size=153; current_refcount=1; users=1
Cache: current_size=2880; current_refcount=2; users=1
Cache: current_size=3417; current_refcount=3; users=1
=======================
starting ocsigenserver
OPAM prefix: /Users/jun/.opam/system
OPAM build dir: /Users/jun/.opam/system/build
Scanning local source files...
Scanned local source files.
data/oco.bin : 327008 entries loaded
Registering /package service...
Registering search service...
Registering /packages service...
=======================
starting ocsigenserver
OPAM prefix: /Users/jun/.opam/system
OPAM build dir: /Users/jun/.opam/system/build
Scanning local source files...
Scanned local source files.
data/oco.bin : 327008 entries loaded
Registering /package service...
Registering search service...
Registering /packages service...
=======================
starting ocsigenserver
OPAM prefix: /Users/jun/.opam/system
OPAM build dir: /Users/jun/.opam/system/build
Scanning local source files...
Scanned local source files.
data/oco.bin : 327008 entries loaded
Registering /package service...
Registering search service...
Registering /packages service...
=======================
starting ocsigenserver
OPAM prefix: /Users/jun/.opam/system
OPAM build dir: /Users/jun/.opam/system/build
Scanning local source files...
Scanned local source files.
data/oco.bin : 327008 entries loaded
Registering /package service...
Registering search service...
Registering /packages service...
=======================
starting ocsigenserver
OPAM prefix: /Users/jun/.opam/system
OPAM build dir: /Users/jun/.opam/system/build
Scanning local source files...
Scanned local source files.
data/oco.bin : 327008 entries loaded
Registering /package service...
Registering search service...
Registering /packages service...
=======================
starting ocsigenserver
OPAM prefix: /Users/jun/.opam/system
OPAM build dir: /Users/jun/.opam/system/build
Scanning local source files...
Scanned local source files.
data/oco.bin : 327008 entries loaded
Registering /package service...
Registering search service...
Registering /packages service...
Cache: current_size=202; current_refcount=1; users=1
=======================
starting ocsigenserver
OPAM prefix: /Users/jun/.opam/system
OPAM build dir: /Users/jun/.opam/system/build
Scanning local source files...
Scanned local source files.
data/oco.bin : 327008 entries loaded
Registering /package service...
Registering search service...
Registering /packages service...
=======================
starting ocsigenserver
OPAM prefix: /Users/jun/.opam/system
OPAM build dir: /Users/jun/.opam/system/build
Scanning local source files...
Scanned local source files.
data/oco.bin : 327008 entries loaded
Registering /package service...
Registering search service...
Registering /packages service...
=======================
starting ocsigenserver
OPAM prefix: /Users/jun/.opam/system
OPAM build dir: /Users/jun/.opam/system/build
Scanning local source files...
Scanned local source files.
data/oco.bin : 327008 entries loaded
Registering /package service...
Registering search service...
Registering /packages service...
=======================
starting ocsigenserver
OPAM prefix: /Users/jun/.opam/system
OPAM build dir: /Users/jun/.opam/system/build
Scanning local source files...
Scanned local source files.
data/oco.bin : 327008 entries loaded
Registering /package service...
Registering search service...
Registering /packages service...
=======================
starting ocsigenserver
OPAM prefix: /Users/jun/.opam/system
OPAM build dir: /Users/jun/.opam/system/build
Scanning local source files...
Scanned local source files.
data/oco.bin : 327008 entries loaded
Registering /package service...
Registering search service...
Registering /packages service...
=======================
starting ocsigenserver
OPAM prefix: /Users/jun/.opam/system
OPAM build dir: /Users/jun/.opam/system/build
Scanning local source files...
Scanned local source files.
data/oco.bin : 327008 entries loaded
Registering /package service...
Registering search service...
Registering /packages service...
=======================
starting ocsigenserver
OPAM prefix: /Users/jun/.opam/system
OPAM build dir: /Users/jun/.opam/system/build
Scanning local source files...
Scanned local source files.
data/oco.bin : 327008 entries loaded
Registering /package service...
Registering search service...
Registering /packages service...
=======================
starting ocsigenserver
OPAM prefix: /Users/jun/.opam/system
OPAM build dir: /Users/jun/.opam/system/build
Scanning local source files...
Scanned local source files.
data/oco.bin : 327008 entries loaded
Registering /package service...
Registering search service...
Registering /packages service...
=======================
starting ocsigenserver
OPAM prefix: /Users/jun/.opam/system
OPAM build dir: /Users/jun/.opam/system/build
Scanning local source files...
Scanned local source files.
data/oco.bin : 327008 entries loaded
Registering /package service...
Registering search service...
Registering /packages service...
=======================
starting ocsigenserver
OPAM prefix: /Users/jun/.opam/system
OPAM build dir: /Users/jun/.opam/system/build
Scanning local source files...
Scanned local source files.
data/oco.bin : 327008 entries loaded
Registering /package service...
Registering search service...
Registering /packages service...
=======================
starting ocsigenserver
OPAM prefix: /Users/jun/.opam/system
OPAM build dir: /Users/jun/.opam/system/build
Scanning local source files...
Scanned local source files.
data/oco.bin : 327008 entries loaded
Registering /package service...
Registering search service...
Registering /packages service...
=======================
starting ocsigenserver
OPAM prefix: /Users/jun/.opam/system
OPAM build dir: /Users/jun/.opam/system/build
Scanning local source files...
Scanned local source files.
data/oco.bin : 327008 entries loaded
Registering /package service...
Registering search service...
Registering /packages service...
=======================
starting ocsigenserver
OPAM prefix: /Users/jun/.opam/system
OPAM build dir: /Users/jun/.opam/system/build
Scanning local source files...
Scanned local source files.
data/oco.bin : 327008 entries loaded
Registering /package service...
Registering search service...
Registering /packages service...
=======================
starting ocsigenserver
OPAM prefix: /Users/jun/.opam/system
OPAM build dir: /Users/jun/.opam/system/build
Scanning local source files...
Scanned local source files.
data/oco.bin : 327008 entries loaded
Registering /package service...
Registering search service...
Registering /packages service...
=======================
starting ocsigenserver
OPAM prefix: /Users/jun/.opam/system
OPAM build dir: /Users/jun/.opam/system/build
Scanning local source files...
Scanned local source files.
data/oco.bin : 327008 entries loaded
Registering /package service...
Registering search service...
Registering /packages service...
=======================
starting ocsigenserver
OPAM prefix: /Users/jun/.opam/system
OPAM build dir: /Users/jun/.opam/system/build
Scanning local source files...
Scanned local source files.
data/oco.bin : 327008 entries loaded
Registering /package service...
Registering search service...
Registering /packages service...
=======================
starting ocsigenserver
OPAM prefix: /Users/jun/.opam/system
OPAM build dir: /Users/jun/.opam/system/build
Scanning local source files...
Scanned local source files.
data/oco.bin : 327008 entries loaded
Registering /package service...
Registering search service...
Registering /packages service...
Cache: current_size=202; current_refcount=1; users=1
Cache: current_size=630; current_refcount=2; users=1
Cache: current_size=630; current_refcount=2; users=1
=======================
starting ocsigenserver
OPAM prefix: /Users/jun/.opam/system
OPAM build dir: /Users/jun/.opam/system/build
Scanning local source files...
Scanned local source files.
data/oco.bin : 327008 entries loaded
Registering /package service...
Registering search service...
Registering /packages service...
Cache: current_size=428; current_refcount=1; users=1
Cache: current_size=1110; current_refcount=2; users=1
=======================
starting ocsigenserver
OPAM prefix: /Users/jun/.opam/system
OPAM build dir: /Users/jun/.opam/system/build
Scanning local source files...
Scanned local source files.
data/oco.bin : 327008 entries loaded
Registering /package service...
Registering search service...
Registering /packages service...
Cache: current_size=428; current_refcount=1; users=1
=======================
starting ocsigenserver
ocsigenserver.opt: main: Fatal - Findlib package ocsigenserver.ext.ocsipersist-dbm not found: maybe you forgot <findlib path="..."/>?
