Aug 23 16:51:28: main: Command pipe created
Aug 23 16:51:28: main: Initializing Ocsipersist-dbm...
Aug 23 16:51:28: main: Launching a new Ocsidbm process: /Users/jun/.opam/system/lib/ocsigenserver/extensions/ocsidbm.opt on directory local/var/data/oco/ocsipersist.
Aug 23 16:51:29: main: ...Initialization of Ocsipersist-dbm complete
Aug 23 16:51:30: main: While parsing config file, tag <host>: No defaulthostname, assuming it is "mba.local"
Aug 23 16:51:30: main: Ocsigen has been launched (initialisations ok)
Aug 23 16:54:42: main: Initializing Ocsipersist-dbm...
Aug 23 16:54:42: main: Launching a new Ocsidbm process: /Users/jun/.opam/system/lib/ocsigenserver/extensions/ocsidbm.opt on directory local/var/data/oco/ocsipersist.
Aug 23 16:54:43: main: ...Initialization of Ocsipersist-dbm complete
Aug 23 16:54:44: main: While parsing config file, tag <host>: No defaulthostname, assuming it is "mba.local"
Aug 23 16:54:44: main: Ocsigen has been launched (initialisations ok)
Aug 24 04:27:29: main: Initializing Ocsipersist-dbm...
Aug 24 04:27:29: main: Launching a new Ocsidbm process: /Users/jun/.opam/system/lib/ocsigenserver/extensions/ocsidbm.opt on directory local/var/data/oco/ocsipersist.
Aug 24 04:27:30: main: ...Initialization of Ocsipersist-dbm complete
Aug 24 04:27:31: main: While parsing config file, tag <host>: No defaulthostname, assuming it is "mba.local"
Aug 24 04:27:31: main: Ocsigen has been launched (initialisations ok)
Aug 24 05:18:46: main: Initializing Ocsipersist-dbm...
Aug 24 05:18:46: main: Launching a new Ocsidbm process: /Users/jun/.opam/system/lib/ocsigenserver/extensions/ocsidbm.opt on directory local/var/data/oco/ocsipersist.
Aug 24 05:18:47: main: ...Initialization of Ocsipersist-dbm complete
Aug 24 05:18:48: main: While parsing config file, tag <host>: No defaulthostname, assuming it is "mba.local"
Aug 24 05:19:01: main: Initializing Ocsipersist-dbm...
Aug 24 05:19:01: main: Launching a new Ocsidbm process: /Users/jun/.opam/system/lib/ocsigenserver/extensions/ocsidbm.opt on directory local/var/data/oco/ocsipersist.
Aug 24 05:19:02: main: ...Initialization of Ocsipersist-dbm complete
Aug 24 05:19:02: main: While parsing config file, tag <host>: No defaulthostname, assuming it is "mba.local"
Aug 24 05:21:26: main: Initializing Ocsipersist-dbm...
Aug 24 05:21:26: main: Launching a new Ocsidbm process: /Users/jun/.opam/system/lib/ocsigenserver/extensions/ocsidbm.opt on directory local/var/data/oco/ocsipersist.
Aug 24 05:21:27: main: ...Initialization of Ocsipersist-dbm complete
Aug 24 05:21:27: main: While parsing config file, tag <host>: No defaulthostname, assuming it is "mba.local"
Aug 24 05:22:04: main: Initializing Ocsipersist-dbm...
Aug 24 05:22:04: main: Launching a new Ocsidbm process: /Users/jun/.opam/system/lib/ocsigenserver/extensions/ocsidbm.opt on directory local/var/data/oco/ocsipersist.
Aug 24 05:22:05: main: ...Initialization of Ocsipersist-dbm complete
Aug 24 05:22:05: main: While parsing config file, tag <host>: No defaulthostname, assuming it is "mba.local"
Aug 24 05:22:51: main: Initializing Ocsipersist-dbm...
Aug 24 05:22:51: main: Launching a new Ocsidbm process: /Users/jun/.opam/system/lib/ocsigenserver/extensions/ocsidbm.opt on directory local/var/data/oco/ocsipersist.
Aug 24 05:22:52: main: ...Initialization of Ocsipersist-dbm complete
Aug 24 05:22:52: main: While parsing config file, tag <host>: No defaulthostname, assuming it is "mba.local"
Aug 24 05:35:19: main: Initializing Ocsipersist-dbm...
Aug 24 05:35:19: main: Launching a new Ocsidbm process: /Users/jun/.opam/system/lib/ocsigenserver/extensions/ocsidbm.opt on directory local/var/data/oco/ocsipersist.
Aug 24 05:35:20: main: ...Initialization of Ocsipersist-dbm complete
Aug 24 05:35:20: main: While parsing config file, tag <host>: No defaulthostname, assuming it is "mba.local"
Aug 24 11:16:35: main: Initializing Ocsipersist-dbm...
Aug 24 11:16:35: main: Launching a new Ocsidbm process: /Users/jun/.opam/system/lib/ocsigenserver/extensions/ocsidbm.opt on directory local/var/data/oco/ocsipersist.
Aug 24 11:16:36: main: ...Initialization of Ocsipersist-dbm complete
Aug 24 11:16:37: main: While parsing config file, tag <host>: No defaulthostname, assuming it is "mba.local"
Aug 24 11:19:15: main: Initializing Ocsipersist-dbm...
Aug 24 11:19:15: main: Launching a new Ocsidbm process: /Users/jun/.opam/system/lib/ocsigenserver/extensions/ocsidbm.opt on directory local/var/data/oco/ocsipersist.
Aug 24 11:19:16: main: ...Initialization of Ocsipersist-dbm complete
Aug 24 11:19:16: main: While parsing config file, tag <host>: No defaulthostname, assuming it is "mba.local"
Aug 24 11:21:02: main: Initializing Ocsipersist-dbm...
Aug 24 11:21:02: main: Launching a new Ocsidbm process: /Users/jun/.opam/system/lib/ocsigenserver/extensions/ocsidbm.opt on directory local/var/data/oco/ocsipersist.
Aug 24 11:21:03: main: ...Initialization of Ocsipersist-dbm complete
Aug 24 11:21:03: main: While parsing config file, tag <host>: No defaulthostname, assuming it is "mba.local"
Aug 24 11:29:58: main: Initializing Ocsipersist-dbm...
Aug 24 11:29:58: main: Launching a new Ocsidbm process: /Users/jun/.opam/system/lib/ocsigenserver/extensions/ocsidbm.opt on directory local/var/data/oco/ocsipersist.
Aug 24 11:29:59: main: ...Initialization of Ocsipersist-dbm complete
Aug 24 11:29:59: main: While parsing config file, tag <host>: No defaulthostname, assuming it is "mba.local"
Aug 24 11:30:03: main: Initializing Ocsipersist-dbm...
Aug 24 11:30:03: main: Launching a new Ocsidbm process: /Users/jun/.opam/system/lib/ocsigenserver/extensions/ocsidbm.opt on directory local/var/data/oco/ocsipersist.
Aug 24 11:30:04: main: ...Initialization of Ocsipersist-dbm complete
Aug 24 11:30:04: main: While parsing config file, tag <host>: No defaulthostname, assuming it is "mba.local"
Aug 24 11:31:00: main: Initializing Ocsipersist-dbm...
Aug 24 11:31:00: main: Launching a new Ocsidbm process: /Users/jun/.opam/system/lib/ocsigenserver/extensions/ocsidbm.opt on directory local/var/data/oco/ocsipersist.
Aug 24 11:31:01: main: ...Initialization of Ocsipersist-dbm complete
Aug 24 11:31:01: main: While parsing config file, tag <host>: No defaulthostname, assuming it is "mba.local"
Aug 24 11:32:16: main: Initializing Ocsipersist-dbm...
Aug 24 11:32:16: main: Launching a new Ocsidbm process: /Users/jun/.opam/system/lib/ocsigenserver/extensions/ocsidbm.opt on directory local/var/data/oco/ocsipersist.
Aug 24 11:32:17: main: ...Initialization of Ocsipersist-dbm complete
Aug 24 11:32:20: main: While parsing config file, tag <host>: No defaulthostname, assuming it is "mba.local"
Aug 24 11:32:20: main: Ocsigen has been launched (initialisations ok)
Aug 24 11:34:05: main: Initializing Ocsipersist-dbm...
Aug 24 11:34:05: main: Launching a new Ocsidbm process: /Users/jun/.opam/system/lib/ocsigenserver/extensions/ocsidbm.opt on directory local/var/data/oco/ocsipersist.
Aug 24 11:34:07: main: ...Initialization of Ocsipersist-dbm complete
Aug 24 11:34:07: main: While parsing config file, tag <host>: No defaulthostname, assuming it is "mba.local"
Aug 24 11:34:07: main: Ocsigen has been launched (initialisations ok)
Aug 24 11:34:36: main: Initializing Ocsipersist-dbm...
Aug 24 11:34:36: main: Launching a new Ocsidbm process: /Users/jun/.opam/system/lib/ocsigenserver/extensions/ocsidbm.opt on directory local/var/data/oco/ocsipersist.
Aug 24 11:34:37: main: ...Initialization of Ocsipersist-dbm complete
Aug 24 11:34:37: main: While parsing config file, tag <host>: No defaulthostname, assuming it is "mba.local"
Aug 24 11:34:37: main: Ocsigen has been launched (initialisations ok)
Aug 24 19:19:59: main: Initializing Ocsipersist-dbm...
Aug 24 19:19:59: main: Launching a new Ocsidbm process: /Users/jun/.opam/system/lib/ocsigenserver/extensions/ocsidbm.opt on directory local/var/data/oco/ocsipersist.
Aug 24 19:20:00: main: ...Initialization of Ocsipersist-dbm complete
Aug 24 19:20:01: main: While parsing config file, tag <host>: No defaulthostname, assuming it is "mba.local"
Aug 24 19:20:01: main: Ocsigen has been launched (initialisations ok)
Aug 24 19:20:59: main: Initializing Ocsipersist-dbm...
Aug 24 19:20:59: main: Launching a new Ocsidbm process: /Users/jun/.opam/system/lib/ocsigenserver/extensions/ocsidbm.opt on directory local/var/data/oco/ocsipersist.
Aug 24 19:21:01: main: ...Initialization of Ocsipersist-dbm complete
Aug 24 19:21:01: main: While parsing config file, tag <host>: No defaulthostname, assuming it is "mba.local"
Aug 24 19:21:01: main: Ocsigen has been launched (initialisations ok)
Aug 24 21:19:51: main: Initializing Ocsipersist-dbm...
Aug 24 21:19:51: main: Launching a new Ocsidbm process: /Users/jun/.opam/system/lib/ocsigenserver/extensions/ocsidbm.opt on directory local/var/data/oco/ocsipersist.
Aug 24 21:19:52: main: ...Initialization of Ocsipersist-dbm complete
Aug 24 21:19:52: main: While parsing config file, tag <host>: No defaulthostname, assuming it is "mba.local"
Aug 24 21:19:52: main: Ocsigen has been launched (initialisations ok)
Aug 24 21:25:24: main: Initializing Ocsipersist-dbm...
Aug 24 21:25:24: main: Launching a new Ocsidbm process: /Users/jun/.opam/system/lib/ocsigenserver/extensions/ocsidbm.opt on directory local/var/data/oco/ocsipersist.
Aug 24 21:25:26: main: ...Initialization of Ocsipersist-dbm complete
Aug 24 21:25:26: main: While parsing config file, tag <host>: No defaulthostname, assuming it is "mba.local"
Aug 24 21:25:26: main: Ocsigen has been launched (initialisations ok)
Aug 24 21:25:40: main: Initializing Ocsipersist-dbm...
Aug 24 21:25:40: main: Launching a new Ocsidbm process: /Users/jun/.opam/system/lib/ocsigenserver/extensions/ocsidbm.opt on directory local/var/data/oco/ocsipersist.
Aug 24 21:25:41: main: ...Initialization of Ocsipersist-dbm complete
Aug 24 21:25:41: main: While parsing config file, tag <host>: No defaulthostname, assuming it is "mba.local"
Aug 24 21:25:41: main: Ocsigen has been launched (initialisations ok)
Aug 24 21:39:27: main: Initializing Ocsipersist-dbm...
Aug 24 21:39:27: main: Launching a new Ocsidbm process: /Users/jun/.opam/system/lib/ocsigenserver/extensions/ocsidbm.opt on directory local/var/data/oco/ocsipersist.
Aug 24 21:39:28: main: ...Initialization of Ocsipersist-dbm complete
Aug 24 21:39:28: main: While parsing config file, tag <host>: No defaulthostname, assuming it is "mba.local"
Aug 24 21:39:28: main: Ocsigen has been launched (initialisations ok)
Aug 24 21:51:49: main: Initializing Ocsipersist-dbm...
Aug 24 21:51:49: main: Launching a new Ocsidbm process: /Users/jun/.opam/system/lib/ocsigenserver/extensions/ocsidbm.opt on directory local/var/data/oco/ocsipersist.
Aug 24 21:51:50: main: ...Initialization of Ocsipersist-dbm complete
Aug 24 21:51:51: main: While parsing config file, tag <host>: No defaulthostname, assuming it is "mba.local"
Aug 24 21:51:51: main: Ocsigen has been launched (initialisations ok)
Aug 24 21:53:47: main: Initializing Ocsipersist-dbm...
Aug 24 21:53:47: main: Launching a new Ocsidbm process: /Users/jun/.opam/system/lib/ocsigenserver/extensions/ocsidbm.opt on directory local/var/data/oco/ocsipersist.
Aug 24 21:53:48: main: ...Initialization of Ocsipersist-dbm complete
Aug 24 21:53:48: main: While parsing config file, tag <host>: No defaulthostname, assuming it is "mba.local"
Aug 24 21:53:48: main: Ocsigen has been launched (initialisations ok)
Aug 24 22:17:28: main: Initializing Ocsipersist-dbm...
Aug 24 22:17:28: main: Launching a new Ocsidbm process: /Users/jun/.opam/system/lib/ocsigenserver/extensions/ocsidbm.opt on directory local/var/data/oco/ocsipersist.
Aug 24 22:17:29: main: ...Initialization of Ocsipersist-dbm complete
Aug 24 22:17:30: main: While parsing config file, tag <host>: No defaulthostname, assuming it is "mba.local"
Aug 24 22:17:30: main: Ocsigen has been launched (initialisations ok)
Aug 24 22:18:18: main: Initializing Ocsipersist-dbm...
Aug 24 22:18:18: main: Launching a new Ocsidbm process: /Users/jun/.opam/system/lib/ocsigenserver/extensions/ocsidbm.opt on directory local/var/data/oco/ocsipersist.
Aug 24 22:18:19: main: ...Initialization of Ocsipersist-dbm complete
Aug 24 22:18:20: main: While parsing config file, tag <host>: No defaulthostname, assuming it is "mba.local"
Aug 24 22:18:20: main: Ocsigen has been launched (initialisations ok)
Aug 24 22:19:04: main: Initializing Ocsipersist-dbm...
Aug 24 22:19:04: main: Launching a new Ocsidbm process: /Users/jun/.opam/system/lib/ocsigenserver/extensions/ocsidbm.opt on directory local/var/data/oco/ocsipersist.
Aug 24 22:19:05: main: ...Initialization of Ocsipersist-dbm complete
Aug 24 22:19:05: main: While parsing config file, tag <host>: No defaulthostname, assuming it is "mba.local"
Aug 24 22:19:05: main: Ocsigen has been launched (initialisations ok)
Aug 24 22:19:13: main: Initializing Ocsipersist-dbm...
Aug 24 22:19:13: main: Launching a new Ocsidbm process: /Users/jun/.opam/system/lib/ocsigenserver/extensions/ocsidbm.opt on directory local/var/data/oco/ocsipersist.
Aug 24 22:19:15: main: ...Initialization of Ocsipersist-dbm complete
Aug 24 22:19:15: main: While parsing config file, tag <host>: No defaulthostname, assuming it is "mba.local"
Aug 24 22:19:15: main: Ocsigen has been launched (initialisations ok)
Aug 24 22:23:10: main: Initializing Ocsipersist-dbm...
Aug 24 22:23:10: main: Launching a new Ocsidbm process: /Users/jun/.opam/system/lib/ocsigenserver/extensions/ocsidbm.opt on directory local/var/data/oco/ocsipersist.
Aug 24 22:23:11: main: ...Initialization of Ocsipersist-dbm complete
Aug 24 22:23:11: main: While parsing config file, tag <host>: No defaulthostname, assuming it is "mba.local"
Aug 24 22:23:11: main: Ocsigen has been launched (initialisations ok)
Aug 24 22:28:51: main: Initializing Ocsipersist-dbm...
Aug 24 22:28:51: main: Launching a new Ocsidbm process: /Users/jun/.opam/system/lib/ocsigenserver/extensions/ocsidbm.opt on directory local/var/data/oco/ocsipersist.
Aug 24 22:28:52: main: ...Initialization of Ocsipersist-dbm complete
Aug 24 22:28:52: main: While parsing config file, tag <host>: No defaulthostname, assuming it is "mba.local"
Aug 24 22:28:52: main: Ocsigen has been launched (initialisations ok)
Aug 24 22:33:47: main: Initializing Ocsipersist-dbm...
Aug 24 22:33:47: main: Launching a new Ocsidbm process: /Users/jun/.opam/system/lib/ocsigenserver/extensions/ocsidbm.opt on directory local/var/data/oco/ocsipersist.
Aug 24 22:33:48: main: ...Initialization of Ocsipersist-dbm complete
Aug 24 22:33:49: main: While parsing config file, tag <host>: No defaulthostname, assuming it is "mba.local"
Aug 24 22:33:49: main: Ocsigen has been launched (initialisations ok)
Aug 24 22:34:37: main: Initializing Ocsipersist-dbm...
Aug 24 22:34:37: main: Launching a new Ocsidbm process: /Users/jun/.opam/system/lib/ocsigenserver/extensions/ocsidbm.opt on directory local/var/data/oco/ocsipersist.
Aug 24 22:34:38: main: ...Initialization of Ocsipersist-dbm complete
Aug 24 22:34:38: main: While parsing config file, tag <host>: No defaulthostname, assuming it is "mba.local"
Aug 24 22:34:38: main: Ocsigen has been launched (initialisations ok)
Aug 24 22:34:59: main: Initializing Ocsipersist-dbm...
Aug 24 22:34:59: main: Launching a new Ocsidbm process: /Users/jun/.opam/system/lib/ocsigenserver/extensions/ocsidbm.opt on directory local/var/data/oco/ocsipersist.
Aug 24 22:35:00: main: ...Initialization of Ocsipersist-dbm complete
Aug 24 22:35:01: main: While parsing config file, tag <host>: No defaulthostname, assuming it is "mba.local"
Aug 24 22:35:01: main: Ocsigen has been launched (initialisations ok)
Aug 24 22:35:46: main: Initializing Ocsipersist-dbm...
Aug 24 22:35:46: main: Launching a new Ocsidbm process: /Users/jun/.opam/system/lib/ocsigenserver/extensions/ocsidbm.opt on directory local/var/data/oco/ocsipersist.
Aug 24 22:35:47: main: ...Initialization of Ocsipersist-dbm complete
Aug 24 22:35:47: main: While parsing config file, tag <host>: No defaulthostname, assuming it is "mba.local"
Aug 24 22:35:47: main: Ocsigen has been launched (initialisations ok)
Aug 24 22:36:12: main: Initializing Ocsipersist-dbm...
Aug 24 22:36:12: main: Launching a new Ocsidbm process: /Users/jun/.opam/system/lib/ocsigenserver/extensions/ocsidbm.opt on directory local/var/data/oco/ocsipersist.
Aug 24 22:36:13: main: ...Initialization of Ocsipersist-dbm complete
Aug 24 22:36:14: main: While parsing config file, tag <host>: No defaulthostname, assuming it is "mba.local"
Aug 24 22:36:14: main: Ocsigen has been launched (initialisations ok)
Aug 24 22:36:50: main: Initializing Ocsipersist-dbm...
Aug 24 22:36:50: main: Launching a new Ocsidbm process: /Users/jun/.opam/system/lib/ocsigenserver/extensions/ocsidbm.opt on directory local/var/data/oco/ocsipersist.
Aug 24 22:36:51: main: ...Initialization of Ocsipersist-dbm complete
Aug 24 22:36:51: main: While parsing config file, tag <host>: No defaulthostname, assuming it is "mba.local"
Aug 24 22:36:51: main: Ocsigen has been launched (initialisations ok)
Aug 24 22:40:40: main: Initializing Ocsipersist-dbm...
Aug 24 22:40:40: main: Launching a new Ocsidbm process: /Users/jun/.opam/system/lib/ocsigenserver/extensions/ocsidbm.opt on directory local/var/data/oco/ocsipersist.
Aug 24 22:40:41: main: ...Initialization of Ocsipersist-dbm complete
Aug 24 22:40:41: main: While parsing config file, tag <host>: No defaulthostname, assuming it is "mba.local"
Aug 24 22:40:41: main: Ocsigen has been launched (initialisations ok)
Aug 24 22:40:58: main: Initializing Ocsipersist-dbm...
Aug 24 22:40:58: main: Launching a new Ocsidbm process: /Users/jun/.opam/system/lib/ocsigenserver/extensions/ocsidbm.opt on directory local/var/data/oco/ocsipersist.
Aug 24 22:40:59: main: ...Initialization of Ocsipersist-dbm complete
Aug 24 22:40:59: main: While parsing config file, tag <host>: No defaulthostname, assuming it is "mba.local"
Aug 24 22:40:59: main: Ocsigen has been launched (initialisations ok)
Aug 24 22:41:18: main: Initializing Ocsipersist-dbm...
Aug 24 22:41:18: main: Launching a new Ocsidbm process: /Users/jun/.opam/system/lib/ocsigenserver/extensions/ocsidbm.opt on directory local/var/data/oco/ocsipersist.
Aug 24 22:41:19: main: ...Initialization of Ocsipersist-dbm complete
Aug 24 22:41:19: main: While parsing config file, tag <host>: No defaulthostname, assuming it is "mba.local"
Aug 24 22:41:19: main: Ocsigen has been launched (initialisations ok)
Aug 24 22:41:26: main: Initializing Ocsipersist-dbm...
Aug 24 22:41:26: main: Launching a new Ocsidbm process: /Users/jun/.opam/system/lib/ocsigenserver/extensions/ocsidbm.opt on directory local/var/data/oco/ocsipersist.
Aug 24 22:41:27: main: ...Initialization of Ocsipersist-dbm complete
Aug 24 22:41:28: main: While parsing config file, tag <host>: No defaulthostname, assuming it is "mba.local"
Aug 24 22:41:28: main: Ocsigen has been launched (initialisations ok)
Aug 24 22:41:40: main: Initializing Ocsipersist-dbm...
Aug 24 22:41:40: main: Launching a new Ocsidbm process: /Users/jun/.opam/system/lib/ocsigenserver/extensions/ocsidbm.opt on directory local/var/data/oco/ocsipersist.
Aug 24 22:41:41: main: ...Initialization of Ocsipersist-dbm complete
Aug 24 22:41:42: main: While parsing config file, tag <host>: No defaulthostname, assuming it is "mba.local"
Aug 24 22:41:42: main: Ocsigen has been launched (initialisations ok)
Aug 24 22:45:16: main: Initializing Ocsipersist-dbm...
Aug 24 22:45:16: main: Launching a new Ocsidbm process: /Users/jun/.opam/system/lib/ocsigenserver/extensions/ocsidbm.opt on directory local/var/data/oco/ocsipersist.
Aug 24 22:45:17: main: ...Initialization of Ocsipersist-dbm complete
Aug 24 22:45:18: main: While parsing config file, tag <host>: No defaulthostname, assuming it is "mba.local"
Aug 24 22:45:18: main: Ocsigen has been launched (initialisations ok)
Aug 24 22:49:00: main: Initializing Ocsipersist-dbm...
Aug 24 22:49:00: main: Launching a new Ocsidbm process: /Users/jun/.opam/system/lib/ocsigenserver/extensions/ocsidbm.opt on directory local/var/data/oco/ocsipersist.
Aug 24 22:49:01: main: ...Initialization of Ocsipersist-dbm complete
Aug 24 22:49:01: main: While parsing config file, tag <host>: No defaulthostname, assuming it is "mba.local"
Aug 24 22:49:01: main: Ocsigen has been launched (initialisations ok)
Aug 24 23:25:59: main: Initializing Ocsipersist-dbm...
Aug 24 23:25:59: main: Launching a new Ocsidbm process: /Users/jun/.opam/system/lib/ocsigenserver/extensions/ocsidbm.opt on directory local/var/data/oco/ocsipersist.
Aug 24 23:26:00: main: ...Initialization of Ocsipersist-dbm complete
Aug 24 23:26:00: main: While parsing config file, tag <host>: No defaulthostname, assuming it is "mba.local"
Aug 24 23:26:00: main: Ocsigen has been launched (initialisations ok)
Dec  3 03:49:15: main: Initializing Ocsipersist-dbm...
Dec  3 03:49:15: main: Launching a new Ocsidbm process: /Users/jun/.opam/4.01.0/lib/ocsigenserver/extensions/ocsidbm.opt on directory local/var/data/oco/ocsipersist.
Dec  3 03:49:16: main: ...Initialization of Ocsipersist-dbm complete
Dec  3 03:49:34: main: Initializing Ocsipersist-dbm...
Dec  3 03:49:34: main: Launching a new Ocsidbm process: /Users/jun/.opam/4.01.0/lib/ocsigenserver/extensions/ocsidbm.opt on directory local/var/data/oco/ocsipersist.
Dec  3 03:49:35: main: ...Initialization of Ocsipersist-dbm complete
Dec  3 03:50:05: main: Initializing Ocsipersist-dbm...
Dec  3 03:50:05: main: Launching a new Ocsidbm process: /Users/jun/.opam/4.01.0/lib/ocsigenserver/extensions/ocsidbm.opt on directory local/var/data/oco/ocsipersist.
Dec  3 03:50:06: main: ...Initialization of Ocsipersist-dbm complete
Dec  3 03:50:33: main: Initializing Ocsipersist-dbm...
Dec  3 03:50:33: main: Launching a new Ocsidbm process: /Users/jun/.opam/4.01.0/lib/ocsigenserver/extensions/ocsidbm.opt on directory local/var/data/oco/ocsipersist.
Dec  3 03:50:34: main: ...Initialization of Ocsipersist-dbm complete
Dec  4 21:34:37: main: Initializing Ocsipersist-dbm...
Dec  4 21:34:37: main: Launching a new Ocsidbm process: /Users/jun/.opam/4.01.0/lib/ocsigenserver/extensions/ocsidbm.opt on directory local/var/data/oco/ocsipersist.
Dec  4 21:34:38: main: ...Initialization of Ocsipersist-dbm complete
Dec  4 21:35:08: main: Initializing Ocsipersist-dbm...
Dec  4 21:35:08: main: Launching a new Ocsidbm process: /Users/jun/.opam/4.01.0/lib/ocsigenserver/extensions/ocsidbm.opt on directory local/var/data/oco/ocsipersist.
Dec  4 21:35:09: main: ...Initialization of Ocsipersist-dbm complete
Dec  4 21:35:57: main: Initializing Ocsipersist-dbm...
Dec  4 21:35:57: main: Launching a new Ocsidbm process: /Users/jun/.opam/4.01.0/lib/ocsigenserver/extensions/ocsidbm.opt on directory local/var/data/oco/ocsipersist.
Dec  4 21:35:58: main: ...Initialization of Ocsipersist-dbm complete
Dec  4 21:36:01: main: While parsing config file, tag <host>: No defaulthostname, assuming it is "mba.local"
Dec  4 21:36:01: main: Ocsigen has been launched (initialisations ok)
Dec  4 21:42:57: main: Initializing Ocsipersist-dbm...
Dec  4 21:42:57: main: Launching a new Ocsidbm process: /Users/jun/.opam/4.01.0/lib/ocsigenserver/extensions/ocsidbm.opt on directory local/var/data/oco/ocsipersist.
Dec  4 21:42:58: main: ...Initialization of Ocsipersist-dbm complete
Dec  4 21:42:59: main: While parsing config file, tag <host>: No defaulthostname, assuming it is "mba.local"
Dec  4 21:42:59: main: Ocsigen has been launched (initialisations ok)
